c:\users\dsm2017\google 드라이브\자료\프로젝트\c_afterschool\c_afterschool\c_afterschool\debug\vc141.pdb
c:\users\dsm2017\google 드라이브\자료\프로젝트\c_afterschool\c_afterschool\c_afterschool\debug\vc141.idb
c:\users\dsm2017\google 드라이브\자료\프로젝트\c_afterschool\c_afterschool\c_afterschool\debug\main.obj
c:\users\dsm2017\google 드라이브\자료\프로젝트\c_afterschool\c_afterschool\c_afterschool\debug\2_1_2.obj
c:\users\dsm2017\google 드라이브\자료\프로젝트\c_afterschool\c_afterschool\c_afterschool\debug\2_2_0.obj
c:\users\dsm2017\google 드라이브\자료\프로젝트\c_afterschool\c_afterschool\c_afterschool\debug\2_2_1.obj
c:\users\dsm2017\google 드라이브\자료\프로젝트\c_afterschool\c_afterschool\c_afterschool\debug\2_2_2.obj
c:\users\dsm2017\google 드라이브\자료\프로젝트\c_afterschool\c_afterschool\c_afterschool\debug\2_d.obj
c:\users\dsm2017\google 드라이브\자료\프로젝트\c_afterschool\c_afterschool\c_afterschool\debug\3_1_0.obj
c:\users\dsm2017\google 드라이브\자료\프로젝트\c_afterschool\c_afterschool\c_afterschool\debug\3_1_1.obj
c:\users\dsm2017\google 드라이브\자료\프로젝트\c_afterschool\c_afterschool\c_afterschool\debug\3_2_0.obj
c:\users\dsm2017\google 드라이브\자료\프로젝트\c_afterschool\c_afterschool\c_afterschool\debug\3_2_1.obj
c:\users\dsm2017\google 드라이브\자료\프로젝트\c_afterschool\c_afterschool\c_afterschool\debug\3_3_0.obj
c:\users\dsm2017\google 드라이브\자료\프로젝트\c_afterschool\c_afterschool\c_afterschool\debug\3_4_1.obj
c:\users\dsm2017\google 드라이브\자료\프로젝트\c_afterschool\c_afterschool\c_afterschool\debug\3_d.obj
c:\users\dsm2017\google 드라이브\자료\프로젝트\c_afterschool\c_afterschool\c_afterschool\debug\4_1_0.obj
c:\users\dsm2017\google 드라이브\자료\프로젝트\c_afterschool\c_afterschool\c_afterschool\debug\4_1_1.obj
c:\users\dsm2017\google 드라이브\자료\프로젝트\c_afterschool\c_afterschool\debug\c_afterschool.ilk
c:\users\dsm2017\google 드라이브\자료\프로젝트\c_afterschool\c_afterschool\debug\c_afterschool.exe
c:\users\dsm2017\google 드라이브\자료\프로젝트\c_afterschool\c_afterschool\debug\c_afterschool.pdb
c:\users\dsm2017\google 드라이브\자료\프로젝트\c_afterschool\c_afterschool\c_afterschool\debug\c_afterschool.tlog\cl.command.1.tlog
c:\users\dsm2017\google 드라이브\자료\프로젝트\c_afterschool\c_afterschool\c_afterschool\debug\c_afterschool.tlog\cl.read.1.tlog
c:\users\dsm2017\google 드라이브\자료\프로젝트\c_afterschool\c_afterschool\c_afterschool\debug\c_afterschool.tlog\cl.write.1.tlog
c:\users\dsm2017\google 드라이브\자료\프로젝트\c_afterschool\c_afterschool\c_afterschool\debug\c_afterschool.tlog\link-cvtres.read.1.tlog
c:\users\dsm2017\google 드라이브\자료\프로젝트\c_afterschool\c_afterschool\c_afterschool\debug\c_afterschool.tlog\link-cvtres.write.1.tlog
c:\users\dsm2017\google 드라이브\자료\프로젝트\c_afterschool\c_afterschool\c_afterschool\debug\c_afterschool.tlog\link-rc.read.1.tlog
c:\users\dsm2017\google 드라이브\자료\프로젝트\c_afterschool\c_afterschool\c_afterschool\debug\c_afterschool.tlog\link-rc.write.1.tlog
c:\users\dsm2017\google 드라이브\자료\프로젝트\c_afterschool\c_afterschool\c_afterschool\debug\c_afterschool.tlog\link.6216-cvtres.read.1.tlog
c:\users\dsm2017\google 드라이브\자료\프로젝트\c_afterschool\c_afterschool\c_afterschool\debug\c_afterschool.tlog\link.6216-cvtres.write.1.tlog
c:\users\dsm2017\google 드라이브\자료\프로젝트\c_afterschool\c_afterschool\c_afterschool\debug\c_afterschool.tlog\link.6216-rc.read.1.tlog
c:\users\dsm2017\google 드라이브\자료\프로젝트\c_afterschool\c_afterschool\c_afterschool\debug\c_afterschool.tlog\link.6216-rc.write.1.tlog
c:\users\dsm2017\google 드라이브\자료\프로젝트\c_afterschool\c_afterschool\c_afterschool\debug\c_afterschool.tlog\link.6216.read.1.tlog
c:\users\dsm2017\google 드라이브\자료\프로젝트\c_afterschool\c_afterschool\c_afterschool\debug\c_afterschool.tlog\link.6216.write.1.tlog
c:\users\dsm2017\google 드라이브\자료\프로젝트\c_afterschool\c_afterschool\c_afterschool\debug\c_afterschool.tlog\link.command.1.tlog
c:\users\dsm2017\google 드라이브\자료\프로젝트\c_afterschool\c_afterschool\c_afterschool\debug\c_afterschool.tlog\link.read.1.tlog
c:\users\dsm2017\google 드라이브\자료\프로젝트\c_afterschool\c_afterschool\c_afterschool\debug\c_afterschool.tlog\link.write.1.tlog
